<?xml version="1.0" encoding="UTF-8"?>
<!-- Generated by org.testng.reporters.JUnitReportReporter -->
<testsuite skipped="0" hostname="DESKTOP-13EUT06" name="test.day4" tests="3" failures="0" timestamp="2019-11-30T15:37:53 IST" time="0.000" errors="0">
  <testcase name="LoginAPIHomeLoan" time="0.000" classname="test.day4"/>
  <testcase name="WebloginHomeLoan" time="0.000" classname="test.day4"/>
  <testcase name="MobileLoginHomeLoan" time="0.000" classname="test.day4"/>
</testsuite> <!-- test.day4 -->
