<?xml version="1.0" encoding="UTF-8"?>
<!-- Generated by org.testng.reporters.JUnitReportReporter -->
<testsuite skipped="1" hostname="DESKTOP-13EUT06" name="test.day3" tests="6" failures="0" timestamp="2019-11-30T15:37:53 IST" time="0.032" errors="0">
  <testcase name="WebloginCarLoan" time="0.000" classname="test.day3"/>
  <testcase name="MobileLogincarLoan" time="0.016" classname="test.day3"/>
  <testcase name="MobilesignoutcarLoan" time="0.000" classname="test.day3"/>
  <testcase name="MobilesignoutcarLoan" time="0.016" classname="test.day3"/>
  <testcase name="MobilesignoutcarLoan" time="0.000" classname="test.day3"/>
  <testcase name="MobilesignimcarLoan" classname="test.day3">
    <skipped/>
  </testcase> <!-- MobilesignimcarLoan -->
</testsuite> <!-- test.day3 -->
