<?xml version="1.0" encoding="UTF-8"?>
<!-- Generated by org.testng.reporters.JUnitReportReporter -->
<testsuite skipped="0" hostname="DESKTOP-13EUT06" name="test.day2" tests="1" failures="0" timestamp="2019-11-30T15:37:53 IST" time="0.015" errors="0">
  <testcase name="ploan" time="0.015" classname="test.day2"/>
</testsuite> <!-- test.day2 -->
